<?xml version="1.0" encoding="UTF-8"?>
<!-- Generated by org.testng.reporters.JUnitXMLReporter -->
<testsuite hostname="LAPTOP-7VQ11PQH" name="Test" tests="3" failures="0" timestamp="1 Mar 2021 08:33:58 GMT" time="33.205" errors="0">
  <testcase name="validateTitle" time="16.986" classname="Frameworkdesign.FrameworkDemo.validatingTitle"/>
  <testcase name="validateTitle2" time="0.172" classname="Frameworkdesign.FrameworkDemo.validatingTitle"/>
  <testcase name="basePageNavigation" time="15.743" classname="Frameworkdesign.FrameworkDemo.BasePageNavigation"/>
</testsuite> <!-- Test -->
