<?xml version="1.0" encoding="UTF-8"?>
<!-- Generated by org.testng.reporters.JUnitXMLReporter -->
<testsuite hostname="LAPTOP-7VQ11PQH" name="Test" tests="3" failures="0" timestamp="19 May 2021 19:49:04 GMT" time="17.505" errors="0">
  <testcase name="validateTitle" time="7.683" classname="Frameworkdesign.FrameworkDemo.validatingTitle"/>
  <testcase name="validateTitle2" time="0.098" classname="Frameworkdesign.FrameworkDemo.validatingTitle"/>
  <testcase name="basePageNavigation" time="9.386" classname="Frameworkdesign.FrameworkDemo.BasePageNavigation"/>
</testsuite> <!-- Test -->
