<?xml version="1.0" encoding="UTF-8"?>
<testng-results skipped="0" failed="0" total="3" passed="3">
  <reporter-output>
  </reporter-output>
  <suite name="Suite" duration-ms="17505" started-at="2021-05-19T19:48:46Z" finished-at="2021-05-19T19:49:04Z">
    <groups>
    </groups>
    <test name="Test" duration-ms="17505" started-at="2021-05-19T19:48:46Z" finished-at="2021-05-19T19:49:04Z">
      <class name="Frameworkdesign.FrameworkDemo.BasePageNavigation">
        <test-method status="PASS" signature="basePageNavigation(java.lang.String, java.lang.String)[pri:0, instance:Frameworkdesign.FrameworkDemo.BasePageNavigation@59717824]" name="basePageNavigation" duration-ms="9386" started-at="2021-05-20T01:18:54Z" data-provider="getData" finished-at="2021-05-20T01:19:04Z">
          <params>
            <param index="0">
              <value>
                <![CDATA[itsronjustrockon@gmail.com]]>
              </value>
            </param>
            <param index="1">
              <value>
                <![CDATA[themediocre27]]>
              </value>
            </param>
          </params>
          <reporter-output>
          </reporter-output>
        </test-method> <!-- basePageNavigation -->
        <test-method status="PASS" signature="close()[pri:0, instance:Frameworkdesign.FrameworkDemo.BasePageNavigation@59717824]" name="close" is-config="true" duration-ms="179" started-at="2021-05-20T01:19:04Z" finished-at="2021-05-20T01:19:04Z">
          <reporter-output>
          </reporter-output>
        </test-method> <!-- close -->
        <test-method status="PASS" signature="close()[pri:0, instance:Frameworkdesign.FrameworkDemo.validatingTitle@12405818]" name="close" is-config="true" duration-ms="144" started-at="2021-05-20T01:19:04Z" finished-at="2021-05-20T01:19:04Z">
          <reporter-output>
          </reporter-output>
        </test-method> <!-- close -->
      </class> <!-- Frameworkdesign.FrameworkDemo.BasePageNavigation -->
      <class name="Frameworkdesign.FrameworkDemo.validatingTitle">
        <test-method status="PASS" signature="validateTitle()[pri:0, instance:Frameworkdesign.FrameworkDemo.validatingTitle@12405818]" name="validateTitle" duration-ms="7683" started-at="2021-05-20T01:18:46Z" finished-at="2021-05-20T01:18:54Z">
          <reporter-output>
          </reporter-output>
        </test-method> <!-- validateTitle -->
        <test-method status="PASS" signature="validateTitle2()[pri:0, instance:Frameworkdesign.FrameworkDemo.validatingTitle@12405818]" name="validateTitle2" duration-ms="98" started-at="2021-05-20T01:18:54Z" finished-at="2021-05-20T01:18:54Z">
          <reporter-output>
          </reporter-output>
        </test-method> <!-- validateTitle2 -->
      </class> <!-- Frameworkdesign.FrameworkDemo.validatingTitle -->
    </test> <!-- Test -->
  </suite> <!-- Suite -->
</testng-results>
