<?xml version="1.0" encoding="UTF-8"?>
<testng-results skipped="0" failed="0" total="3" passed="3">
  <reporter-output>
  </reporter-output>
  <suite name="Suite" duration-ms="33205" started-at="2021-03-01T08:33:25Z" finished-at="2021-03-01T08:33:58Z">
    <groups>
    </groups>
    <test name="Test" duration-ms="33205" started-at="2021-03-01T08:33:25Z" finished-at="2021-03-01T08:33:58Z">
      <class name="Frameworkdesign.FrameworkDemo.BasePageNavigation">
        <test-method status="PASS" signature="basePageNavigation(java.lang.String, java.lang.String)[pri:0, instance:Frameworkdesign.FrameworkDemo.BasePageNavigation@5b0abc94]" name="basePageNavigation" duration-ms="15743" started-at="2021-03-01T14:03:42Z" data-provider="getData" finished-at="2021-03-01T14:03:58Z">
          <params>
            <param index="0">
              <value>
                <![CDATA[itsronjustrockon@gmail.com]]>
              </value>
            </param>
            <param index="1">
              <value>
                <![CDATA[themediocre27]]>
              </value>
            </param>
          </params>
          <reporter-output>
          </reporter-output>
        </test-method> <!-- basePageNavigation -->
        <test-method status="PASS" signature="close()[pri:0, instance:Frameworkdesign.FrameworkDemo.BasePageNavigation@5b0abc94]" name="close" is-config="true" duration-ms="168" started-at="2021-03-01T14:03:58Z" finished-at="2021-03-01T14:03:58Z">
          <reporter-output>
          </reporter-output>
        </test-method> <!-- close -->
        <test-method status="PASS" signature="close()[pri:0, instance:Frameworkdesign.FrameworkDemo.validatingTitle@29f69090]" name="close" is-config="true" duration-ms="110" started-at="2021-03-01T14:03:58Z" finished-at="2021-03-01T14:03:58Z">
          <reporter-output>
          </reporter-output>
        </test-method> <!-- close -->
      </class> <!-- Frameworkdesign.FrameworkDemo.BasePageNavigation -->
      <class name="Frameworkdesign.FrameworkDemo.validatingTitle">
        <test-method status="PASS" signature="validateTitle()[pri:0, instance:Frameworkdesign.FrameworkDemo.validatingTitle@29f69090]" name="validateTitle" duration-ms="16986" started-at="2021-03-01T14:03:25Z" finished-at="2021-03-01T14:03:42Z">
          <reporter-output>
          </reporter-output>
        </test-method> <!-- validateTitle -->
        <test-method status="PASS" signature="validateTitle2()[pri:0, instance:Frameworkdesign.FrameworkDemo.validatingTitle@29f69090]" name="validateTitle2" duration-ms="172" started-at="2021-03-01T14:03:42Z" finished-at="2021-03-01T14:03:42Z">
          <reporter-output>
          </reporter-output>
        </test-method> <!-- validateTitle2 -->
      </class> <!-- Frameworkdesign.FrameworkDemo.validatingTitle -->
    </test> <!-- Test -->
  </suite> <!-- Suite -->
</testng-results>
